<?xml version="1.0" encoding="UTF-8"?>
<!-- Generated by org.testng.reporters.JUnitXMLReporter -->
<testsuite hostname="LAPTOP-MOTMPJ0P" ignored="0" name="Free CRM App Test Cases" tests="8" failures="0" timestamp="03 Feb 2021 16:28:35 GMT" time="0.078" errors="0">
  <testcase name="@BeforeMethod setUp" time="0.006" classname="com.freecrm.testcases.LoginPageTestCases">
    <failure type="java.lang.NullPointerException">
      <![CDATA[java.lang.NullPointerException
	at com.freecrm.baseclass.TestBase.initialization(TestBase.java:46)
	at com.freecrm.testcases.LoginPageTestCases.setUp(LoginPageTestCases.java:29)
... Removed 27 stack frames]]>
    </failure>
  </testcase> <!-- @BeforeMethod setUp -->
  <testcase name="@BeforeMethod setUp" time="0.0" classname="com.freecrm.testcases.LoginPageTestCases">
    <skipped/>
  </testcase> <!-- @BeforeMethod setUp -->
  <testcase name="@BeforeMethod setUp" time="0.0" classname="com.freecrm.testcases.LoginPageTestCases">
    <skipped/>
  </testcase> <!-- @BeforeMethod setUp -->
  <testcase name="@BeforeMethod setUp" time="0.0" classname="com.freecrm.testcases.LoginPageTestCases">
    <skipped/>
  </testcase> <!-- @BeforeMethod setUp -->
  <testcase name="@BeforeMethod setUp" time="0.0" classname="com.freecrm.testcases.LoginPageTestCases">
    <skipped/>
  </testcase> <!-- @BeforeMethod setUp -->
  <testcase name="@BeforeMethod setUp" time="0.0" classname="com.freecrm.testcases.LoginPageTestCases">
    <skipped/>
  </testcase> <!-- @BeforeMethod setUp -->
  <testcase name="@BeforeMethod setUp" time="0.0" classname="com.freecrm.testcases.LoginPageTestCases">
    <skipped/>
  </testcase> <!-- @BeforeMethod setUp -->
  <testcase name="@BeforeMethod setUp" time="0.0" classname="com.freecrm.testcases.LoginPageTestCases">
    <skipped/>
  </testcase> <!-- @BeforeMethod setUp -->
  <testcase name="testLogo" time="0.0" classname="com.freecrm.testcases.LoginPageTestCases">
    <skipped/>
  </testcase> <!-- testLogo -->
  <testcase name="testHomeButton" time="0.0" classname="com.freecrm.testcases.LoginPageTestCases">
    <skipped/>
  </testcase> <!-- testHomeButton -->
  <testcase name="testPricingButton" time="0.0" classname="com.freecrm.testcases.LoginPageTestCases">
    <skipped/>
  </testcase> <!-- testPricingButton -->
  <testcase name="testfeaturesButton" time="0.0" classname="com.freecrm.testcases.LoginPageTestCases">
    <skipped/>
  </testcase> <!-- testfeaturesButton -->
  <testcase name="testCustomersButton" time="0.0" classname="com.freecrm.testcases.LoginPageTestCases">
    <skipped/>
  </testcase> <!-- testCustomersButton -->
  <testcase name="testContactsButton" time="0.0" classname="com.freecrm.testcases.LoginPageTestCases">
    <skipped/>
  </testcase> <!-- testContactsButton -->
  <testcase name="testSignUpButton" time="0.0" classname="com.freecrm.testcases.LoginPageTestCases">
    <skipped/>
  </testcase> <!-- testSignUpButton -->
  <testcase name="testLogin" time="0.0" classname="com.freecrm.testcases.LoginPageTestCases">
    <skipped/>
  </testcase> <!-- testLogin -->
</testsuite> <!-- Free CRM App Test Cases -->
